[2015-05-21 20:17:52] production.ERROR: exception 'ErrorException' with message 'Undefined index: host' in /Users/chinmay/projects/blog/app/config/database.php:5
Stack trace:
#0 /Users/chinmay/projects/blog/app/config/database.php(5): Illuminate\Exception\Handler->handleError(8, 'Undefined index...', '/Users/chinmay/...', 5, Array)
#1 /Users/chinmay/projects/blog/bootstrap/compiled.php(4211): require('/Users/chinmay/...')
#2 /Users/chinmay/projects/blog/bootstrap/compiled.php(4120): Illuminate\Filesystem\Filesystem->getRequire('/Users/chinmay/...')
#3 /Users/chinmay/projects/blog/bootstrap/compiled.php(4059): Illuminate\Config\FileLoader->getRequire('/Users/chinmay/...')
#4 /Users/chinmay/projects/blog/bootstrap/compiled.php(3897): Illuminate\Config\FileLoader->load('production', 'database', NULL)
#5 /Users/chinmay/projects/blog/bootstrap/compiled.php(3877): Illuminate\Config\Repository->load('database', NULL, '*::database')
#6 /Users/chinmay/projects/blog/bootstrap/compiled.php(3985): Illuminate\Config\Repository->get('database.migrat...')
#7 /Users/chinmay/projects/blog/vendor/laravel/framework/src/Illuminate/Database/MigrationServiceProvider.php(49): Illuminate\Config\Repository->offsetGet('database.migrat...')
#8 /Users/chinmay/projects/blog/bootstrap/compiled.php(120): Illuminate\Database\MigrationServiceProvider->Illuminate\Database\{closure}(Object(Illuminate\Foundation\Application))
#9 /Users/chinmay/projects/blog/bootstrap/compiled.php(233): Illuminate\Container\Container->Illuminate\Container\{closure}(Object(Illuminate\Foundation\Application), Array)
#10 /Users/chinmay/projects/blog/bootstrap/compiled.php(205): Illuminate\Container\Container->build(Object(Closure), Array)
#11 /Users/chinmay/projects/blog/bootstrap/compiled.php(583): Illuminate\Container\Container->make('migration.repos...', Array)
#12 /Users/chinmay/projects/blog/bootstrap/compiled.php(353): Illuminate\Foundation\Application->make('migration.repos...')
#13 /Users/chinmay/projects/blog/vendor/laravel/framework/src/Illuminate/Database/MigrationServiceProvider.php(67): Illuminate\Container\Container->offsetGet('migration.repos...')
#14 /Users/chinmay/projects/blog/bootstrap/compiled.php(120): Illuminate\Database\MigrationServiceProvider->Illuminate\Database\{closure}(Object(Illuminate\Foundation\Application))
#15 /Users/chinmay/projects/blog/bootstrap/compiled.php(233): Illuminate\Container\Container->Illuminate\Container\{closure}(Object(Illuminate\Foundation\Application), Array)
#16 /Users/chinmay/projects/blog/bootstrap/compiled.php(205): Illuminate\Container\Container->build(Object(Closure), Array)
#17 /Users/chinmay/projects/blog/bootstrap/compiled.php(583): Illuminate\Container\Container->make('migrator', Array)
#18 /Users/chinmay/projects/blog/bootstrap/compiled.php(353): Illuminate\Foundation\Application->make('migrator')
#19 /Users/chinmay/projects/blog/vendor/laravel/framework/src/Illuminate/Database/MigrationServiceProvider.php(111): Illuminate\Container\Container->offsetGet('migrator')
#20 /Users/chinmay/projects/blog/bootstrap/compiled.php(120): Illuminate\Database\MigrationServiceProvider->Illuminate\Database\{closure}(Object(Illuminate\Foundation\Application))
#21 /Users/chinmay/projects/blog/bootstrap/compiled.php(233): Illuminate\Container\Container->Illuminate\Container\{closure}(Object(Illuminate\Foundation\Application), Array)
#22 /Users/chinmay/projects/blog/bootstrap/compiled.php(205): Illuminate\Container\Container->build(Object(Closure), Array)
#23 /Users/chinmay/projects/blog/bootstrap/compiled.php(583): Illuminate\Container\Container->make('command.migrate', Array)
#24 /Users/chinmay/projects/blog/bootstrap/compiled.php(353): Illuminate\Foundation\Application->make('command.migrate')
#25 /Users/chinmay/projects/blog/vendor/laravel/framework/src/Illuminate/Console/Application.php(139): Illuminate\Container\Container->offsetGet('command.migrate')
#26 /Users/chinmay/projects/blog/vendor/laravel/framework/src/Illuminate/Console/Application.php(154): Illuminate\Console\Application->resolve('command.migrate')
#27 /Users/chinmay/projects/blog/bootstrap/compiled.php(3031): Illuminate\Console\Application->resolveCommands(Array)
#28 [internal function]: Illuminate\Support\ServiceProvider->Illuminate\Support\{closure}(Object(Illuminate\Console\Application))
#29 /Users/chinmay/projects/blog/bootstrap/compiled.php(6259): call_user_func_array(Object(Closure), Array)
#30 /Users/chinmay/projects/blog/vendor/laravel/framework/src/Illuminate/Console/Application.php(76): Illuminate\Events\Dispatcher->fire('artisan.start', Array)
#31 /Users/chinmay/projects/blog/vendor/laravel/framework/src/Illuminate/Console/Application.php(33): Illuminate\Console\Application->boot()
#32 /Users/chinmay/projects/blog/artisan(46): Illuminate\Console\Application::start(Object(Illuminate\Foundation\Application))
#33 {main} [] []
[2015-05-21 20:17:52] production.ERROR: exception 'ErrorException' with message 'Undefined index: host' in /Users/chinmay/projects/blog/app/config/database.php:5
Stack trace:
#0 /Users/chinmay/projects/blog/app/config/database.php(5): Illuminate\Exception\Handler->handleError(8, 'Undefined index...', '/Users/chinmay/...', 5, Array)
#1 /Users/chinmay/projects/blog/bootstrap/compiled.php(4211): require('/Users/chinmay/...')
#2 /Users/chinmay/projects/blog/bootstrap/compiled.php(4120): Illuminate\Filesystem\Filesystem->getRequire('/Users/chinmay/...')
#3 /Users/chinmay/projects/blog/bootstrap/compiled.php(4059): Illuminate\Config\FileLoader->getRequire('/Users/chinmay/...')
#4 /Users/chinmay/projects/blog/bootstrap/compiled.php(3897): Illuminate\Config\FileLoader->load('production', 'database', NULL)
#5 /Users/chinmay/projects/blog/bootstrap/compiled.php(3877): Illuminate\Config\Repository->load('database', NULL, '*::database')
#6 /Users/chinmay/projects/blog/bootstrap/compiled.php(3985): Illuminate\Config\Repository->get('database.migrat...')
#7 /Users/chinmay/projects/blog/vendor/laravel/framework/src/Illuminate/Database/MigrationServiceProvider.php(49): Illuminate\Config\Repository->offsetGet('database.migrat...')
#8 /Users/chinmay/projects/blog/bootstrap/compiled.php(120): Illuminate\Database\MigrationServiceProvider->Illuminate\Database\{closure}(Object(Illuminate\Foundation\Application))
#9 /Users/chinmay/projects/blog/bootstrap/compiled.php(233): Illuminate\Container\Container->Illuminate\Container\{closure}(Object(Illuminate\Foundation\Application), Array)
#10 /Users/chinmay/projects/blog/bootstrap/compiled.php(205): Illuminate\Container\Container->build(Object(Closure), Array)
#11 /Users/chinmay/projects/blog/bootstrap/compiled.php(583): Illuminate\Container\Container->make('migration.repos...', Array)
#12 /Users/chinmay/projects/blog/bootstrap/compiled.php(353): Illuminate\Foundation\Application->make('migration.repos...')
#13 /Users/chinmay/projects/blog/vendor/laravel/framework/src/Illuminate/Database/MigrationServiceProvider.php(67): Illuminate\Container\Container->offsetGet('migration.repos...')
#14 /Users/chinmay/projects/blog/bootstrap/compiled.php(120): Illuminate\Database\MigrationServiceProvider->Illuminate\Database\{closure}(Object(Illuminate\Foundation\Application))
#15 /Users/chinmay/projects/blog/bootstrap/compiled.php(233): Illuminate\Container\Container->Illuminate\Container\{closure}(Object(Illuminate\Foundation\Application), Array)
#16 /Users/chinmay/projects/blog/bootstrap/compiled.php(205): Illuminate\Container\Container->build(Object(Closure), Array)
#17 /Users/chinmay/projects/blog/bootstrap/compiled.php(583): Illuminate\Container\Container->make('migrator', Array)
#18 /Users/chinmay/projects/blog/bootstrap/compiled.php(353): Illuminate\Foundation\Application->make('migrator')
#19 /Users/chinmay/projects/blog/vendor/laravel/framework/src/Illuminate/Database/MigrationServiceProvider.php(111): Illuminate\Container\Container->offsetGet('migrator')
#20 /Users/chinmay/projects/blog/bootstrap/compiled.php(120): Illuminate\Database\MigrationServiceProvider->Illuminate\Database\{closure}(Object(Illuminate\Foundation\Application))
#21 /Users/chinmay/projects/blog/bootstrap/compiled.php(233): Illuminate\Container\Container->Illuminate\Container\{closure}(Object(Illuminate\Foundation\Application), Array)
#22 /Users/chinmay/projects/blog/bootstrap/compiled.php(205): Illuminate\Container\Container->build(Object(Closure), Array)
#23 /Users/chinmay/projects/blog/bootstrap/compiled.php(583): Illuminate\Container\Container->make('command.migrate', Array)
#24 /Users/chinmay/projects/blog/bootstrap/compiled.php(353): Illuminate\Foundation\Application->make('command.migrate')
#25 /Users/chinmay/projects/blog/vendor/laravel/framework/src/Illuminate/Console/Application.php(139): Illuminate\Container\Container->offsetGet('command.migrate')
#26 /Users/chinmay/projects/blog/vendor/laravel/framework/src/Illuminate/Console/Application.php(154): Illuminate\Console\Application->resolve('command.migrate')
#27 /Users/chinmay/projects/blog/bootstrap/compiled.php(3031): Illuminate\Console\Application->resolveCommands(Array)
#28 [internal function]: Illuminate\Support\ServiceProvider->Illuminate\Support\{closure}(Object(Illuminate\Console\Application))
#29 /Users/chinmay/projects/blog/bootstrap/compiled.php(6259): call_user_func_array(Object(Closure), Array)
#30 /Users/chinmay/projects/blog/vendor/laravel/framework/src/Illuminate/Console/Application.php(76): Illuminate\Events\Dispatcher->fire('artisan.start', Array)
#31 /Users/chinmay/projects/blog/vendor/laravel/framework/src/Illuminate/Console/Application.php(33): Illuminate\Console\Application->boot()
#32 /Users/chinmay/projects/blog/artisan(46): Illuminate\Console\Application::start(Object(Illuminate\Foundation\Application))
#33 {main} [] []
